<?xml version="1.0" encoding="UTF-8"?>
<!-- Generated by org.testng.reporters.JUnitReportReporter -->
<testsuite hostname="IN-MH1LPW101875" failures="0" tests="2" name="com.seleniumpractice.Annotation2" time="0.002" errors="0" timestamp="26 Aug 2023 07:51:42 GMT">
  <testcase classname="com.seleniumpractice.Annotation2" name="tc5" time="0.001"/>
  <testcase classname="com.seleniumpractice.Annotation2" name="tc6" time="0.001"/>
</testsuite> <!-- com.seleniumpractice.Annotation2 -->
