<?xml version="1.0" encoding="UTF-8"?>
<!-- Generated by org.testng.reporters.JUnitReportReporter -->
<testsuite hostname="IN-MH1LPW101875" failures="0" tests="1" name="com.seleniumpractice.Orange" time="10.449" errors="0" timestamp="29 Aug 2023 14:19:28 GMT">
  <testcase classname="com.seleniumpractice.Orange" name="launch" time="10.449"/>
</testsuite> <!-- com.seleniumpractice.Orange -->
