<?xml version="1.0" encoding="UTF-8"?>
<!-- Generated by org.testng.reporters.JUnitReportReporter -->
<testsuite hostname="IN-MH1LPW101875" failures="0" tests="2" name="com.seleniumpractice.Assertion" time="1.767" errors="0" timestamp="31 Aug 2023 10:00:50 GMT">
  <testcase classname="com.seleniumpractice.Assertion" name="login" time="1.537"/>
  <testcase classname="com.seleniumpractice.Assertion" name="dashboard" time="0.230"/>
</testsuite> <!-- com.seleniumpractice.Assertion -->
