<?xml version="1.0" encoding="UTF-8"?>
<!-- Generated by org.testng.reporters.JUnitReportReporter -->
<testsuite hostname="IN-MH1LPW101875" failures="0" tests="2" name="com.seleniumpractice.TestWindow" time="0.947" errors="0" timestamp="4 Sep 2023 09:44:16 GMT">
  <testcase classname="com.seleniumpractice.TestWindow" name="dashboard" time="0.001"/>
  <testcase classname="com.seleniumpractice.TestWindow" name="login" time="0.946"/>
</testsuite> <!-- com.seleniumpractice.TestWindow -->
