<?xml version="1.0" encoding="UTF-8"?>
<!-- Generated by org.testng.reporters.JUnitReportReporter -->
<testsuite hostname="IN-MH1LPW101875" failures="0" tests="1" name="com.seleniumpractice.Practice" time="1.988" errors="0" timestamp="4 Sep 2023 03:52:33 GMT">
  <testcase classname="com.seleniumpractice.Practice" name="login" time="1.988"/>
</testsuite> <!-- com.seleniumpractice.Practice -->
