<?xml version="1.0" encoding="UTF-8"?>
<!-- Generated by org.testng.reporters.JUnitReportReporter -->
<testsuite hostname="IN-MH1LPW101875" failures="0" tests="10" name="com.seleniumpractice.Testautomationpractice" time="4.013" errors="0" timestamp="12 Sep 2023 10:43:14 GMT">
  <testcase classname="com.seleniumpractice.Testautomationpractice" name="selectradiobutton" time="0.093"/>
  <testcase classname="com.seleniumpractice.Testautomationpractice" name="selectcheckbox" time="0.284"/>
  <testcase classname="com.seleniumpractice.Testautomationpractice" name="selectColor" time="0.289"/>
  <testcase classname="com.seleniumpractice.Testautomationpractice" name="dragDrop" time="0.314"/>
  <testcase classname="com.seleniumpractice.Testautomationpractice" name="selectTab" time="0.056"/>
  <testcase classname="com.seleniumpractice.Testautomationpractice" name="doubleClick" time="0.026"/>
  <testcase classname="com.seleniumpractice.Testautomationpractice" name="entertextbox" time="0.253"/>
  <testcase classname="com.seleniumpractice.Testautomationpractice" name="selectPostAtom" time="2.038"/>
  <testcase classname="com.seleniumpractice.Testautomationpractice" name="selectCalendar" time="0.397"/>
  <testcase classname="com.seleniumpractice.Testautomationpractice" name="selectdropdown1" time="0.263"/>
</testsuite> <!-- com.seleniumpractice.Testautomationpractice -->
