<?xml version="1.0" encoding="UTF-8"?>
<!-- Generated by org.testng.reporters.JUnitReportReporter -->
<testsuite hostname="IN-MH1LPW101875" failures="0" tests="4" name="com.seleniumpractice.LaunchEws" time="24.141" errors="0" timestamp="4 Sep 2023 15:05:35 GMT">
  <testcase classname="com.seleniumpractice.LaunchEws" name="enterPassword" time="0.191"/>
  <testcase classname="com.seleniumpractice.LaunchEws" name="launch" time="23.412"/>
  <testcase classname="com.seleniumpractice.LaunchEws" name="enterUsername" time="0.382"/>
  <testcase classname="com.seleniumpractice.LaunchEws" name="login" time="0.156"/>
</testsuite> <!-- com.seleniumpractice.LaunchEws -->
