<?xml version="1.0" encoding="UTF-8"?>
<!-- Generated by org.testng.reporters.JUnitReportReporter -->
<testsuite hostname="IN-MH1LPW101875" failures="0" tests="2" name="com.seleniumpractice.DashboardEws" time="23.564" errors="0" timestamp="21 Aug 2023 07:43:45 GMT">
  <testcase classname="com.seleniumpractice.DashboardEws" name="login" time="17.912"/>
  <testcase classname="com.seleniumpractice.DashboardEws" name="dashboard" time="5.652"/>
</testsuite> <!-- com.seleniumpractice.DashboardEws -->
