<?xml version="1.0" encoding="UTF-8"?>
<!-- Generated by org.testng.reporters.JUnitReportReporter -->
<testsuite hostname="IN-MH1LPW101875" failures="0" tests="1" name="com.seleniumpractice.OrangePract" time="13.660" errors="0" timestamp="28 Aug 2023 17:01:09 GMT">
  <testcase classname="com.seleniumpractice.OrangePract" name="launch" time="13.660"/>
</testsuite> <!-- com.seleniumpractice.OrangePract -->
