<?xml version="1.0" encoding="UTF-8"?>
<!-- Generated by org.testng.reporters.JUnitReportReporter -->
<testsuite hostname="IN-MH1LPW101875" failures="0" tests="1" name="com.ews.testcases.LoginTestCase" time="0.402" errors="0" timestamp="19 Sep 2023 11:36:28 GMT">
  <testcase classname="com.ews.testcases.LoginTestCase" name="loginTestSteps" time="0.402"/>
</testsuite> <!-- com.ews.testcases.LoginTestCase -->
