<?xml version="1.0" encoding="UTF-8"?>
<!-- Generated by org.testng.reporters.JUnitReportReporter -->
<testsuite hostname="IN-MH1LPW101875" failures="0" tests="3" name="com.seleniumpractice.App" time="12.315" errors="0" timestamp="21 Aug 2023 06:37:04 GMT">
  <testcase classname="com.seleniumpractice.App" name="zapp" time="0.034"/>
  <testcase classname="com.seleniumpractice.App" name="login" time="12.276"/>
  <testcase classname="com.seleniumpractice.App" name="vapp" time="0.005"/>
</testsuite> <!-- com.seleniumpractice.App -->
