<?xml version="1.0" encoding="UTF-8"?>
<!-- Generated by org.testng.reporters.JUnitReportReporter -->
<testsuite hostname="IN-MH1LPW101875" failures="0" tests="4" name="com.seleniumpractice.XpathPract" time="15.161" errors="0" timestamp="27 Aug 2023 14:45:05 GMT">
  <testcase classname="com.seleniumpractice.XpathPract" name="swipeOff" time="1.908"/>
  <testcase classname="com.seleniumpractice.XpathPract" name="dashboard" time="2.397"/>
  <testcase classname="com.seleniumpractice.XpathPract" name="launch" time="10.794"/>
  <testcase classname="com.seleniumpractice.XpathPract" name="login" time="0.062"/>
</testsuite> <!-- com.seleniumpractice.XpathPract -->
